p005_starcode:
23:33:05 - ====================================================================================================
23:33:05 - Category                                                              Reads                 Barcodes
23:33:05 - ====================================================================================================
23:33:05 - Single read barcodes                                        31609 (  0.02%)          31609 (  0.60%)
23:33:05 - Definitve read barcodes                                   2434844 (  1.30%)        1163327 ( 22.19%)
23:33:05 - Chimeric read barcodes                                  150520153 ( 80.15%)        3095505 ( 59.03%)
23:33:05 - Chimeric_Def barcodes (ratio>0.8)                        34818825 ( 18.54%)         953137 ( 18.18%)
23:33:05 - Total counts                                            187805431 (100.00%)        5243578 (100.00%)
23:33:05 - ====================================================================================================
p005_no_starcode:
15:45:47 - ====================================================================================================
15:45:47 - Category                                                              Reads                 Barcodes
15:45:47 - ====================================================================================================
15:45:47 - Single read barcodes                                        93809 (  0.05%)          93809 (  1.16%)
15:45:47 - Definitve read barcodes                                   7795197 (  4.15%)        3798254 ( 46.93%)
15:45:47 - Chimeric read barcodes                                  146416950 ( 77.96%)        3262447 ( 40.31%)
15:45:47 - Chimeric_Def barcodes (ratio>0.8)                        33499475 ( 17.84%)         939141 ( 11.60%)
15:45:47 - Total counts                                            187805431 (100.00%)        8093651 (100.00%)
15:45:47 - ====================================================================================================

p006_starcode:
20:32:49 - ====================================================================================================
20:32:49 - Category                                                              Reads                 Barcodes
20:32:49 - ====================================================================================================
20:32:49 - Single read barcodes                                        83763 (  0.21%)          83763 ( 10.41%)
20:32:49 - Definitve read barcodes                                    592547 (  1.47%)         288933 ( 35.90%)
20:32:49 - Chimeric read barcodes                                   26900012 ( 66.55%)         281189 ( 34.93%)
20:32:49 - Chimeric_Def barcodes (ratio>0.8)                        12842150 ( 31.77%)         151027 ( 18.76%)
20:32:49 - Total counts                                             40418472 (100.00%)         804912 (100.00%)
20:32:49 - ====================================================================================================
p006_no_starcode:
16:47:13 - ====================================================================================================
16:47:13 - Category                                                              Reads                 Barcodes
16:47:13 - ====================================================================================================
16:47:13 - Single read barcodes                                       154702 (  0.38%)         154702 (  9.98%)
16:47:13 - Definitve read barcodes                                   1721963 (  4.26%)         842218 ( 54.32%)
16:47:13 - Chimeric read barcodes                                   26172516 ( 64.75%)         403076 ( 26.00%)
16:47:13 - Chimeric_Def barcodes (ratio>0.8)                        12369291 ( 30.60%)         150360 (  9.70%)
16:47:13 - Total counts                                             40418472 (100.00%)        1550356 (100.00%)
16:47:13 - ====================================================================================================

p007_starcode:
23:49:56 - ====================================================================================================
23:49:56 - Category                                                              Reads                 Barcodes
23:49:56 - ====================================================================================================
23:49:56 - Single read barcodes                                        50466 (  0.02%)          50466 (  2.40%)
23:49:56 - Definitve read barcodes                                   2267221 (  1.09%)        1110433 ( 52.88%)
23:49:56 - Chimeric read barcodes                                  120310602 ( 57.65%)         600742 ( 28.61%)
23:49:56 - Chimeric_Def barcodes (ratio>0.8)                        86068359 ( 41.24%)         338301 ( 16.11%)
23:49:56 - Total counts                                            208696648 (100.00%)        2099942 (100.00%)
23:49:56 - ====================================================================================================
p007_no_starcode:
13:53:26 - ====================================================================================================
13:53:26 - Category                                                              Reads                 Barcodes
13:53:26 - ====================================================================================================
13:53:26 - Single read barcodes                                       120564 (  0.06%)         120564 (  2.53%)
13:53:26 - Definitve read barcodes                                   6530722 (  3.13%)        3121936 ( 65.40%)
13:53:26 - Chimeric read barcodes                                  118731756 ( 56.89%)        1177933 ( 24.68%)
13:53:26 - Chimeric_Def barcodes (ratio>0.8)                        83313606 ( 39.92%)         353217 (  7.40%)
13:53:26 - Total counts                                            208696648 (100.00%)        4773650 (100.00%)
13:53:26 - ====================================================================================================