14:55:46 - Running bbduk2 barcode extraction
14:56:34 - bbduk2 barcode extraction summary:
Input:                  	11595544 reads 		1745429722 bases.
KTrimmed:               	23117802 reads (199.37%) 	1510974570 bases (86.57%)
Low quality discards:   	6 reads (0.00%) 	122 bases (0.00%)
Total Removed:          	180757 reads (1.56%) 	1517359390 bases (86.93%)
Result:                 	11414787 reads (98.44%) 	228070332 bases (13.07%)
14:56:34 - Running bbduk2 fragment extraction
14:57:29 - bbduk2 fragment extraction summary:
Input:                  	11595544 reads 		1744785965 bases.
KTrimmed:               	22374961 reads (192.96%) 	1080579697 bases (61.93%)
Total Removed:          	739541 reads (6.38%) 	1153027230 bases (66.08%)
Result:                 	10856003 reads (93.62%) 	591758735 bases (33.92%)
14:57:29 - Running pairfq pairing
15:00:45 - pairfq pairing summary:
Total paired reads:	21404544
Total unpaired reads:	866246
15:00:46 - Finished extraction of barcodes and fragments
15:00:46 - Output files saved in 0_data/barcode_fragment
15:00:46 - Total execution time: 0:05:00.278934
