15:04:18 - Number of 14aaG4S sequences (by linker): 15835
15:04:18 - Number of 14aaA5 sequences (by linker): 15835
15:04:18 - Number of 14aa sequences (by length): 44813
15:04:19 - Number of 22aa sequences (by length): 16100
15:04:19 - Number of unprocessed sequences: 0
15:04:19 - Running Bowtie2 index build
15:04:20 - Running Bowtie2 alignment for 14aaG4S
15:04:21 - Running SAM to BAM conversion for 14aaG4S
15:04:21 - Running BAM sorting for 14aaG4S
15:04:21 - Running Bowtie2 alignment for 14aaA5
15:04:22 - Running SAM to BAM conversion for 14aaA5
15:04:22 - Running BAM sorting for 14aaA5
15:04:22 - Running Bowtie2 alignment for 14aa
15:04:22 - Running SAM to BAM conversion for 14aa
15:04:22 - Running BAM sorting for 14aa
15:04:23 - Running Bowtie2 alignment for 22aa
15:04:23 - Running SAM to BAM conversion for 22aa
15:04:23 - Running BAM sorting for 22aa
15:04:24 - LUT data written to 0_data/LUT.csv
15:04:24 - Fragment position data written to 0_data/fragment_pos.csv
15:04:24 - Total execution time: 0:00:05.897042
