14:07:48 - bbduk2 barcode extraction summary:
Input:                  	25000 reads 		3775000 bases.
KTrimmed:               	49768 reads (199.07%) 	3097969 bases (82.07%)
Low quality discards:   	0 reads (0.00%) 	0 bases (0.00%)
Total Removed:          	613 reads (2.45%) 	3116551 bases (82.56%)
Result:                 	24387 reads (97.55%) 	658449 bases (17.44%)
14:07:49 - bbduk2 fragment extraction summary:
Input:                  	25000 reads 		3775000 bases.
KTrimmed:               	49542 reads (198.17%) 	3235406 bases (85.71%)
Low quality discards:   	0 reads (0.00%) 	0 bases (0.00%)
Total Removed:          	2185 reads (8.74%) 	3295885 bases (87.31%)
Result:                 	22815 reads (91.26%) 	479115 bases (12.69%)
14:07:49 - Running vsearch to match fragment reads to the reference sequence.
14:07:50 - Ratio of matching fragment reads to the reference sequence: 17900 of 22815 (78.46%)
14:07:50 - Running seqkit pair to synchronize paired-end reads.
14:07:50 - Paired reads: 17523
14:07:50 - Unpaired barcode reads: 6864
14:07:50 - Unpaired fragment reads: 377
14:07:50 - Paired reads saved to: Example/barcode_fragment/barcode_Example.fastq.gz
14:07:50 - Paired fragments saved to: Example/barcode_fragment/fragment_Example.fastq.gz
14:07:50 - Total execution time: 0:00:03.026836
